C:\USERS\RAMSRIGOUTHAMG\DESKTOP\FACES\SRC\APPS\VIBLIO_VIDEO_ANALYZER\DEBUG\VIBLIO_VIDEO_ANALYZER.OBJ
C:\USERS\RAMSRIGOUTHAMG\DESKTOP\FACES\SRC\APPS\VIBLIO_VIDEO_ANALYZER\DEBUG\VIDEOPROCESSOR.OBJ
C:\USERS\RAMSRIGOUTHAMG\DESKTOP\FACES\SRC\APPS\VIBLIO_VIDEO_ANALYZER\DEBUG\VC110.PDB
C:\USERS\RAMSRIGOUTHAMG\DESKTOP\FACES\BIN\DEBUG\VIBLIO_VIDEO_ANALYZER.ILK
C:\USERS\RAMSRIGOUTHAMG\DESKTOP\FACES\BIN\DEBUG\VIBLIO_VIDEO_ANALYZER.EXE
C:\USERS\RAMSRIGOUTHAMG\DESKTOP\FACES\BIN\DEBUG\VIBLIO_VIDEO_ANALYZER.PDB
C:\Users\ramsrigouthamg\Desktop\faces\src\apps\viblio_video_analyzer\Debug\viblio_video_analyzer.vcxprojResolveAssemblyReference.cache
C:\Users\ramsrigouthamg\Desktop\faces\src\apps\viblio_video_analyzer\Debug\viblio_video_analyzer.obj
C:\Users\ramsrigouthamg\Desktop\faces\src\apps\viblio_video_analyzer\Debug\VideoProcessor.obj
C:\Users\ramsrigouthamg\Desktop\faces\src\apps\viblio_video_analyzer\Debug\cl.command.1.tlog
C:\Users\ramsrigouthamg\Desktop\faces\src\apps\viblio_video_analyzer\Debug\CL.read.1.tlog
C:\Users\ramsrigouthamg\Desktop\faces\src\apps\viblio_video_analyzer\Debug\CL.write.1.tlog
C:\Users\ramsrigouthamg\Desktop\faces\src\apps\viblio_video_analyzer\Debug\link-cvtres.read.1.tlog
C:\Users\ramsrigouthamg\Desktop\faces\src\apps\viblio_video_analyzer\Debug\link-cvtres.write.1.tlog
C:\Users\ramsrigouthamg\Desktop\faces\src\apps\viblio_video_analyzer\Debug\link-rc.read.1.tlog
C:\Users\ramsrigouthamg\Desktop\faces\src\apps\viblio_video_analyzer\Debug\link-rc.write.1.tlog
C:\Users\ramsrigouthamg\Desktop\faces\src\apps\viblio_video_analyzer\Debug\link.command.1.tlog
C:\Users\ramsrigouthamg\Desktop\faces\src\apps\viblio_video_analyzer\Debug\link.read.1.tlog
C:\Users\ramsrigouthamg\Desktop\faces\src\apps\viblio_video_analyzer\Debug\link.write.1.tlog
C:\Users\ramsrigouthamg\Desktop\faces\src\apps\viblio_video_analyzer\Debug\vc110.idb
C:\Users\ramsrigouthamg\Desktop\faces\src\apps\viblio_video_analyzer\Debug\vc110.pdb
C:\Users\ramsrigouthamg\Desktop\faces\src\apps\viblio_video_analyzer\..\..\..\bin\Debug\viblio_video_analyzer.exe
