C:\USERS\RAMSRIGOUTHAMG\DESKTOP\FACES\SRC\LIBRARIES\ANALYTICS.FACEANALYZER\DEBUG\EYEDETECTOR_OPENCV.OBJ
C:\USERS\RAMSRIGOUTHAMG\DESKTOP\FACES\SRC\LIBRARIES\ANALYTICS.FACEANALYZER\DEBUG\FACE.OBJ
C:\USERS\RAMSRIGOUTHAMG\DESKTOP\FACES\SRC\LIBRARIES\ANALYTICS.FACEANALYZER\DEBUG\FACEANALYZER.OBJ
C:\USERS\RAMSRIGOUTHAMG\DESKTOP\FACES\SRC\LIBRARIES\ANALYTICS.FACEANALYZER\DEBUG\FACEANALYZERCONFIGURATION.OBJ
C:\USERS\RAMSRIGOUTHAMG\DESKTOP\FACES\SRC\LIBRARIES\ANALYTICS.FACEANALYZER\DEBUG\FACEDETECTOR_OPENCV.OBJ
C:\USERS\RAMSRIGOUTHAMG\DESKTOP\FACES\SRC\LIBRARIES\ANALYTICS.FACEANALYZER\DEBUG\THUMBNAIL.OBJ
C:\USERS\RAMSRIGOUTHAMG\DESKTOP\FACES\SRC\LIBRARIES\ANALYTICS.FACEANALYZER\DEBUG\TRACKER_OPENTLD.OBJ
C:\USERS\RAMSRIGOUTHAMG\DESKTOP\FACES\SRC\LIBRARIES\ANALYTICS.FACEANALYZER\DEBUG\TRACKINGCONTROLLER.OBJ
C:\USERS\RAMSRIGOUTHAMG\DESKTOP\FACES\SRC\LIBRARIES\ANALYTICS.FACEANALYZER\DEBUG\VC110.PDB
C:\USERS\RAMSRIGOUTHAMG\DESKTOP\FACES\SRC\DEBUG\ANALYTICS.FACEANALYZER.LIB
C:\Users\ramsrigouthamg\Desktop\faces\src\Libraries\Analytics.FaceAnalyzer\Debug\EyeDetector_OpenCV.obj
C:\Users\ramsrigouthamg\Desktop\faces\src\Libraries\Analytics.FaceAnalyzer\Debug\Face.obj
C:\Users\ramsrigouthamg\Desktop\faces\src\Libraries\Analytics.FaceAnalyzer\Debug\FaceAnalyzer.obj
C:\Users\ramsrigouthamg\Desktop\faces\src\Libraries\Analytics.FaceAnalyzer\Debug\FaceAnalyzerConfiguration.obj
C:\Users\ramsrigouthamg\Desktop\faces\src\Libraries\Analytics.FaceAnalyzer\Debug\FaceDetector_OpenCV.obj
C:\Users\ramsrigouthamg\Desktop\faces\src\Libraries\Analytics.FaceAnalyzer\Debug\Thumbnail.obj
C:\Users\ramsrigouthamg\Desktop\faces\src\Libraries\Analytics.FaceAnalyzer\Debug\Tracker_OpenTLD.obj
C:\Users\ramsrigouthamg\Desktop\faces\src\Libraries\Analytics.FaceAnalyzer\Debug\TrackingController.obj
C:\Users\ramsrigouthamg\Desktop\faces\src\Libraries\Analytics.FaceAnalyzer\Debug\cl.command.1.tlog
C:\Users\ramsrigouthamg\Desktop\faces\src\Libraries\Analytics.FaceAnalyzer\Debug\CL.read.1.tlog
C:\Users\ramsrigouthamg\Desktop\faces\src\Libraries\Analytics.FaceAnalyzer\Debug\CL.write.1.tlog
C:\Users\ramsrigouthamg\Desktop\faces\src\Libraries\Analytics.FaceAnalyzer\Debug\Lib-link.read.1.tlog
C:\Users\ramsrigouthamg\Desktop\faces\src\Libraries\Analytics.FaceAnalyzer\Debug\Lib-link.write.1.tlog
C:\Users\ramsrigouthamg\Desktop\faces\src\Libraries\Analytics.FaceAnalyzer\Debug\lib.command.1.tlog
C:\Users\ramsrigouthamg\Desktop\faces\src\Libraries\Analytics.FaceAnalyzer\Debug\vc110.idb
C:\Users\ramsrigouthamg\Desktop\faces\src\Libraries\Analytics.FaceAnalyzer\Debug\vc110.pdb
C:\Users\ramsrigouthamg\Desktop\faces\src\Debug\Analytics.FaceAnalyzer.lib
